[0723/121102.440:ERROR:file_io.cc(89)] ReadExactly: expected 36, observed 0
[0723/203435.932:ERROR:process_memory_win.cc(73)] ReadMemory at 0x2ab716307b0 of 72 bytes failed: Only part of a ReadProcessMemory or WriteProcessMemory request was completed. (0x12B)
[0723/203435.935:WARNING:pe_image_annotations_reader.cc(134)] could not read annotations list object in C:\Program Files (x86)\Google\Chrome\Application\75.0.3770.142\chrome_elf.dll
[0723/203435.935:ERROR:process_memory_win.cc(73)] ReadMemory at 0x2ab714809d0 of 72 bytes failed: Only part of a ReadProcessMemory or WriteProcessMemory request was completed. (0x12B)
[0723/203435.935:WARNING:pe_image_annotations_reader.cc(134)] could not read annotations list object in C:\Program Files (x86)\Google\Chrome\Application\75.0.3770.142\chrome_child.dll
[0723/203436.156:ERROR:process_memory_win.cc(73)] ReadMemory at 0x7ff6d3e30000 of 64 bytes failed: Only part of a ReadProcessMemory or WriteProcessMemory request was completed. (0x12B)
[0723/203436.156:WARNING:pe_image_reader.cc(340)] could not read dos header from C:\Program Files (x86)\Google\Chrome\Application\chrome.exe
[0723/203436.156:ERROR:process_memory_win.cc(73)] ReadMemory at 0x7ffcbe450000 of 64 bytes failed: Only part of a ReadProcessMemory or WriteProcessMemory request was completed. (0x12B)
[0723/203436.156:WARNING:pe_image_reader.cc(340)] could not read dos header from C:\Windows\SYSTEM32\ntdll.dll
[0723/203436.156:ERROR:process_memory_win.cc(73)] ReadMemory at 0x7ffcbb870000 of 64 bytes failed: Only part of a ReadProcessMemory or WriteProcessMemory request was completed. (0x12B)
[0723/203436.156:WARNING:pe_image_reader.cc(340)] could not read dos header from C:\Windows\System32\KERNEL32.DLL
[0723/203436.156:ERROR:process_memory_win.cc(73)] ReadMemory at 0x7ffcbac70000 of 64 bytes failed: Only part of a ReadProcessMemory or WriteProcessMemory request was completed. (0x12B)
[0723/203436.156:WARNING:pe_image_reader.cc(340)] could not read dos header from C:\Windows\System32\KERNELBASE.dll
[0723/203436.157:ERROR:process_memory_win.cc(73)] ReadMemory at 0x7ffcbce80000 of 64 bytes failed: Only part of a ReadProcessMemory or WriteProcessMemory request was completed. (0x12B)
[0723/203436.157:WARNING:pe_image_reader.cc(340)] could not read dos header from C:\Windows\System32\SHELL32.dll
[0723/203436.157:ERROR:process_memory_win.cc(73)] ReadMemory at 0x7ffcbe370000 of 64 bytes failed: Only part of a ReadProcessMemory or WriteProcessMemory request was completed. (0x12B)
[0723/203436.157:WARNING:pe_image_reader.cc(340)] could not read dos header from C:\Windows\System32\msvcrt.dll
[0723/203436.157:ERROR:process_memory_win.cc(73)] ReadMemory at 0x7ffcbb280000 of 64 bytes failed: Only part of a ReadProcessMemory or WriteProcessMemory request was completed. (0x12B)
[0723/203436.157:WARNING:pe_image_reader.cc(340)] could not read dos header from C:\Windows\System32\cfgmgr32.dll
[0723/203436.157:ERROR:process_memory_win.cc(73)] ReadMemory at 0x7ffcbb180000 of 64 bytes failed: Only part of a ReadProcessMemory or WriteProcessMemory request was completed. (0x12B)
[0723/203436.157:WARNING:pe_image_reader.cc(340)] could not read dos header from C:\Windows\System32\ucrtbase.dll
[0723/203436.157:ERROR:process_memory_win.cc(73)] ReadMemory at 0x7ffcbb7c0000 of 64 bytes failed: Only part of a ReadProcessMemory or WriteProcessMemory request was completed. (0x12B)
[0723/203436.157:WARNING:pe_image_reader.cc(340)] could not read dos header from C:\Windows\System32\shcore.dll
[0723/203436.157:ERROR:process_memory_win.cc(73)] ReadMemory at 0x7ffcbc320000 of 64 bytes failed: Only part of a ReadProcessMemory or WriteProcessMemory request was completed. (0x12B)
[0723/203436.157:WARNING:pe_image_reader.cc(340)] could not read dos header from C:\Windows\System32\RPCRT4.dll
[0723/203436.157:ERROR:process_memory_win.cc(73)] ReadMemory at 0x7ffcbc530000 of 64 bytes failed: Only part of a ReadProcessMemory or WriteProcessMemory request was completed. (0x12B)
[0723/203436.157:WARNING:pe_image_reader.cc(340)] could not read dos header from C:\Windows\System32\combase.dll
[0723/203436.157:ERROR:process_memory_win.cc(73)] ReadMemory at 0x7ffcbb5e0000 of 64 bytes failed: Only part of a ReadProcessMemory or WriteProcessMemory request was completed. (0x12B)
[0723/203436.158:WARNING:pe_image_reader.cc(340)] could not read dos header from C:\Windows\System32\bcryptPrimitives.dll
[0723/203436.158:ERROR:process_memory_win.cc(73)] ReadMemory at 0x7ffcba520000 of 64 bytes failed: Only part of a ReadProcessMemory or WriteProcessMemory request was completed. (0x12B)
[0723/203436.158:WARNING:pe_image_reader.cc(340)] could not read dos header from C:\Windows\System32\windows.storage.dll
[0723/203436.158:ERROR:process_memory_win.cc(73)] ReadMemory at 0x7ffcbaf10000 of 64 bytes failed: Only part of a ReadProcessMemory or WriteProcessMemory request was completed. (0x12B)
[0723/203436.158:WARNING:pe_image_reader.cc(340)] could not read dos header from C:\Windows\System32\msvcp_win.dll
[0723/203436.158:ERROR:process_memory_win.cc(73)] ReadMemory at 0x7ffcbc280000 of 64 bytes failed: Only part of a ReadProcessMemory or WriteProcessMemory request was completed. (0x12B)
[0723/203436.158:WARNING:pe_image_reader.cc(340)] could not read dos header from C:\Windows\System32\sechost.dll
[0723/203436.158:ERROR:process_memory_win.cc(73)] ReadMemory at 0x7ffcbbe20000 of 64 bytes failed: Only part of a ReadProcessMemory or WriteProcessMemory request was completed. (0x12B)
[0723/203436.158:WARNING:pe_image_reader.cc(340)] could not read dos header from C:\Windows\System32\advapi32.dll
[0723/203436.158:ERROR:process_memory_win.cc(73)] ReadMemory at 0x7ffcba490000 of 64 bytes failed: Only part of a ReadProcessMemory or WriteProcessMemory request was completed. (0x12B)
[0723/203436.158:WARNING:pe_image_reader.cc(340)] could not read dos header from C:\Windows\System32\profapi.dll
[0723/203436.158:ERROR:process_memory_win.cc(73)] ReadMemory at 0x7ffcba4c0000 of 64 bytes failed: Only part of a ReadProcessMemory or WriteProcessMemory request was completed. (0x12B)
[0723/203436.158:WARNING:pe_image_reader.cc(340)] could not read dos header from C:\Windows\System32\powrprof.dll
[0723/203436.158:ERROR:process_memory_win.cc(73)] ReadMemory at 0x7ffcbbae0000 of 64 bytes failed: Only part of a ReadProcessMemory or WriteProcessMemory request was completed. (0x12B)
[0723/203436.158:WARNING:pe_image_reader.cc(340)] could not read dos header from C:\Windows\System32\shlwapi.dll
[0723/203436.158:ERROR:process_memory_win.cc(73)] ReadMemory at 0x7ffcbbed0000 of 64 bytes failed: Only part of a ReadProcessMemory or WriteProcessMemory request was completed. (0x12B)
[0723/203436.158:WARNING:pe_image_reader.cc(340)] could not read dos header from C:\Windows\System32\GDI32.dll
[0723/203436.158:ERROR:process_memory_win.cc(73)] ReadMemory at 0x7ffcbafb0000 of 64 bytes failed: Only part of a ReadProcessMemory or WriteProcessMemory request was completed. (0x12B)
[0723/203436.158:WARNING:pe_image_reader.cc(340)] could not read dos header from C:\Windows\System32\gdi32full.dll
[0723/203436.159:ERROR:process_memory_win.cc(73)] ReadMemory at 0x7ffcbbc80000 of 64 bytes failed: Only part of a ReadProcessMemory or WriteProcessMemory request was completed. (0x12B)
[0723/203436.159:WARNING:pe_image_reader.cc(340)] could not read dos header from C:\Windows\System32\USER32.dll
[0723/203436.159:ERROR:process_memory_win.cc(73)] ReadMemory at 0x7ffcbb510000 of 64 bytes failed: Only part of a ReadProcessMemory or WriteProcessMemory request was completed. (0x12B)
[0723/203436.159:WARNING:pe_image_reader.cc(340)] could not read dos header from C:\Windows\System32\win32u.dll
[0723/203436.159:ERROR:process_memory_win.cc(73)] ReadMemory at 0x7ffcba470000 of 64 bytes failed: Only part of a ReadProcessMemory or WriteProcessMemory request was completed. (0x12B)
[0723/203436.159:WARNING:pe_image_reader.cc(340)] could not read dos header from C:\Windows\System32\kernel.appcore.dll
[0723/203436.159:ERROR:process_memory_win.cc(73)] ReadMemory at 0x7ffcbb660000 of 64 bytes failed: Only part of a ReadProcessMemory or WriteProcessMemory request was completed. (0x12B)
[0723/203436.159:WARNING:pe_image_reader.cc(340)] could not read dos header from C:\Windows\System32\cryptsp.dll
[0723/203436.159:ERROR:process_memory_win.cc(73)] ReadMemory at 0x7ffc9a650000 of 64 bytes failed: Only part of a ReadProcessMemory or WriteProcessMemory request was completed. (0x12B)
[0723/203436.159:WARNING:pe_image_reader.cc(340)] could not read dos header from C:\Program Files (x86)\Google\Chrome\Application\75.0.3770.142\chrome_elf.dll
[0723/203436.159:ERROR:process_memory_win.cc(73)] ReadMemory at 0x7ffcb0950000 of 64 bytes failed: Only part of a ReadProcessMemory or WriteProcessMemory request was completed. (0x12B)
[0723/203436.159:WARNING:pe_image_reader.cc(340)] could not read dos header from C:\Windows\SYSTEM32\VERSION.dll
[0723/203436.159:ERROR:process_memory_win.cc(73)] ReadMemory at 0x7ffcafd10000 of 64 bytes failed: Only part of a ReadProcessMemory or WriteProcessMemory request was completed. (0x12B)
[0723/203436.159:WARNING:pe_image_reader.cc(340)] could not read dos header from C:\Windows\SYSTEM32\WINMM.dll
[0723/203436.159:ERROR:process_memory_win.cc(73)] ReadMemory at 0x7ffcba350000 of 64 bytes failed: Only part of a ReadProcessMemory or WriteProcessMemory request was completed. (0x12B)
[0723/203436.159:WARNING:pe_image_reader.cc(340)] could not read dos header from C:\Windows\SYSTEM32\USERENV.dll
[0723/203436.159:ERROR:process_memory_win.cc(73)] ReadMemory at 0x7ffcaf870000 of 64 bytes failed: Only part of a ReadProcessMemory or WriteProcessMemory request was completed. (0x12B)
[0723/203436.159:WARNING:pe_image_reader.cc(340)] could not read dos header from C:\Windows\SYSTEM32\WINMMBASE.dll
[0723/203436.159:ERROR:process_memory_win.cc(73)] ReadMemory at 0x7ffcb9e90000 of 64 bytes failed: Only part of a ReadProcessMemory or WriteProcessMemory request was completed. (0x12B)
[0723/203436.159:WARNING:pe_image_reader.cc(340)] could not read dos header from C:\Windows\SYSTEM32\CRYPTBASE.DLL
[0723/203436.159:ERROR:process_memory_win.cc(73)] ReadMemory at 0x7ffcbc860000 of 64 bytes failed: Only part of a ReadProcessMemory or WriteProcessMemory request was completed. (0x12B)
[0723/203436.159:WARNING:pe_image_reader.cc(340)] could not read dos header from C:\Windows\System32\IMM32.DLL
[0723/203436.159:ERROR:process_memory_win.cc(73)] ReadMemory at 0x7ffc70760000 of 64 bytes failed: Only part of a ReadProcessMemory or WriteProcessMemory request was completed. (0x12B)
[0723/203436.159:WARNING:pe_image_reader.cc(340)] could not read dos header from C:\Program Files (x86)\Google\Chrome\Application\75.0.3770.142\chrome_child.dll
[0723/203436.160:ERROR:process_memory_win.cc(73)] ReadMemory at 0x7ffcbb750000 of 64 bytes failed: Only part of a ReadProcessMemory or WriteProcessMemory request was completed. (0x12B)
[0723/203436.160:WARNING:pe_image_reader.cc(340)] could not read dos header from C:\Windows\System32\WS2_32.dll
[0723/203436.160:ERROR:process_memory_win.cc(73)] ReadMemory at 0x7ffcbc890000 of 64 bytes failed: Only part of a ReadProcessMemory or WriteProcessMemory request was completed. (0x12B)
[0723/203436.160:WARNING:pe_image_reader.cc(340)] could not read dos header from C:\Windows\System32\ole32.dll
[0723/203436.160:ERROR:process_memory_win.cc(73)] ReadMemory at 0x7ffcbb680000 of 64 bytes failed: Only part of a ReadProcessMemory or WriteProcessMemory request was completed. (0x12B)
[0723/203436.160:WARNING:pe_image_reader.cc(340)] could not read dos header from C:\Windows\System32\OLEAUT32.dll
[0723/203436.160:ERROR:process_memory_win.cc(73)] ReadMemory at 0x7ffcbb2d0000 of 64 bytes failed: Only part of a ReadProcessMemory or WriteProcessMemory request was completed. (0x12B)
[0723/203436.160:WARNING:pe_image_reader.cc(340)] could not read dos header from C:\Windows\System32\WINTRUST.dll
[0723/203436.160:ERROR:process_memory_win.cc(73)] ReadMemory at 0x7ffcba450000 of 64 bytes failed: Only part of a ReadProcessMemory or WriteProcessMemory request was completed. (0x12B)
[0723/203436.160:WARNING:pe_image_reader.cc(340)] could not read dos header from C:\Windows\System32\MSASN1.dll
[0723/203436.160:ERROR:process_memory_win.cc(73)] ReadMemory at 0x7ffcbb330000 of 64 bytes failed: Only part of a ReadProcessMemory or WriteProcessMemory request was completed. (0x12B)
[0723/203436.160:WARNING:pe_image_reader.cc(340)] could not read dos header from C:\Windows\System32\CRYPT32.dll
[0723/203436.160:ERROR:process_memory_win.cc(73)] ReadMemory at 0x7ffcbc0a0000 of 64 bytes failed: Only part of a ReadProcessMemory or WriteProcessMemory request was completed. (0x12B)
[0723/203436.160:WARNING:pe_image_reader.cc(340)] could not read dos header from C:\Windows\System32\COMDLG32.dll
[0723/203436.160:ERROR:process_memory_win.cc(73)] ReadMemory at 0x7ffcb9a20000 of 64 bytes failed: Only part of a ReadProcessMemory or WriteProcessMemory request was completed. (0x12B)
[0723/203436.160:WARNING:pe_image_reader.cc(340)] could not read dos header from C:\Windows\SYSTEM32\IPHLPAPI.DLL
[0723/203436.160:ERROR:process_memory_win.cc(73)] ReadMemory at 0x7ffcb5160000 of 64 bytes failed: Only part of a ReadProcessMemory or WriteProcessMemory request was completed. (0x12B)
[0723/203436.160:WARNING:pe_image_reader.cc(340)] could not read dos header from C:\Windows\SYSTEM32\OLEACC.dll
[0723/203436.160:ERROR:process_memory_win.cc(73)] ReadMemory at 0x7ffc89470000 of 64 bytes failed: Only part of a ReadProcessMemory or WriteProcessMemory request was completed. (0x12B)
[0723/203436.160:WARNING:pe_image_reader.cc(340)] could not read dos header from C:\Windows\SYSTEM32\UIAutomationCore.DLL
[0723/203436.160:ERROR:process_memory_win.cc(73)] ReadMemory at 0x7ffcb62c0000 of 64 bytes failed: Only part of a ReadProcessMemory or WriteProcessMemory request was completed. (0x12B)
[0723/203436.160:WARNING:pe_image_reader.cc(340)] could not read dos header from C:\Windows\SYSTEM32\WTSAPI32.dll
[0723/203436.160:ERROR:process_memory_win.cc(73)] ReadMemory at 0x7ffc9d5b0000 of 64 bytes failed: Only part of a ReadProcessMemory or WriteProcessMemory request was completed. (0x12B)
[0723/203436.160:WARNING:pe_image_reader.cc(340)] could not read dos header from C:\Windows\SYSTEM32\DWrite.dll
[0723/203436.161:ERROR:process_memory_win.cc(73)] ReadMemory at 0x7ffcb91c0000 of 64 bytes failed: Only part of a ReadProcessMemory or WriteProcessMemory request was completed. (0x12B)
[0723/203436.161:WARNING:pe_image_reader.cc(340)] could not read dos header from C:\Windows\SYSTEM32\dxgi.dll
[0723/203436.161:ERROR:process_memory_win.cc(73)] ReadMemory at 0x7ffcb50d0000 of 64 bytes failed: Only part of a ReadProcessMemory or WriteProcessMemory request was completed. (0x12B)
[0723/203436.161:WARNING:pe_image_reader.cc(340)] could not read dos header from C:\Windows\SYSTEM32\WINSPOOL.DRV
[0723/203436.161:ERROR:process_memory_win.cc(73)] ReadMemory at 0x7ffcbb150000 of 64 bytes failed: Only part of a ReadProcessMemory or WriteProcessMemory request was completed. (0x12B)
[0723/203436.161:WARNING:pe_image_reader.cc(340)] could not read dos header from C:\Windows\System32\bcrypt.dll
[0723/203436.161:ERROR:process_memory_win.cc(73)] ReadMemory at 0x7ffcb3eb0000 of 64 bytes failed: Only part of a ReadProcessMemory or WriteProcessMemory request was completed. (0x12B)
[0723/203436.161:WARNING:pe_image_reader.cc(340)] could not read dos header from C:\Windows\SYSTEM32\dbghelp.dll
[0723/203436.161:ERROR:process_memory_win.cc(73)] ReadMemory at 0x7ffca0c20000 of 64 bytes failed: Only part of a ReadProcessMemory or WriteProcessMemory request was completed. (0x12B)
[0723/203436.161:WARNING:pe_image_reader.cc(340)] could not read dos header from C:\Windows\WinSxS\amd64_microsoft.windows.common-controls_6595b64144ccf1df_6.0.17763.615_none_05b4414a072024d4\COMCTL32.dll
[0723/203436.161:ERROR:process_memory_win.cc(73)] ReadMemory at 0x7ffcb4f10000 of 64 bytes failed: Only part of a ReadProcessMemory or WriteProcessMemory request was completed. (0x12B)
[0723/203436.161:WARNING:pe_image_reader.cc(340)] could not read dos header from C:\Windows\SYSTEM32\USP10.dll
[0723/203436.161:ERROR:process_memory_win.cc(73)] ReadMemory at 0x7ffcb1d20000 of 64 bytes failed: Only part of a ReadProcessMemory or WriteProcessMemory request was completed. (0x12B)
[0723/203436.161:WARNING:pe_image_reader.cc(340)] could not read dos header from C:\Windows\SYSTEM32\WINHTTP.dll
[0723/203436.161:ERROR:process_memory_win.cc(73)] ReadMemory at 0x7ffcb0fe0000 of 64 bytes failed: Only part of a ReadProcessMemory or WriteProcessMemory request was completed. (0x12B)
[0723/203436.161:WARNING:pe_image_reader.cc(340)] could not read dos header from C:\Windows\SYSTEM32\urlmon.dll
[0723/203436.161:ERROR:process_memory_win.cc(73)] ReadMemory at 0x7ffcb0940000 of 64 bytes failed: Only part of a ReadProcessMemory or WriteProcessMemory request was completed. (0x12B)
[0723/203436.161:WARNING:pe_image_reader.cc(340)] could not read dos header from C:\Windows\SYSTEM32\Secur32.dll
[0723/203436.161:ERROR:process_memory_win.cc(73)] ReadMemory at 0x7ffcb2f00000 of 64 bytes failed: Only part of a ReadProcessMemory or WriteProcessMemory request was completed. (0x12B)
[0723/203436.161:WARNING:pe_image_reader.cc(340)] could not read dos header from C:\Windows\SYSTEM32\dhcpcsvc.DLL
[0723/203436.161:ERROR:process_memory_win.cc(73)] ReadMemory at 0x7ffcbce70000 of 64 bytes failed: Only part of a ReadProcessMemory or WriteProcessMemory request was completed. (0x12B)
[0723/203436.161:WARNING:pe_image_reader.cc(340)] could not read dos header from C:\Windows\System32\NSI.dll
[0723/203436.161:ERROR:process_memory_win.cc(73)] ReadMemory at 0x7ffca0bc0000 of 64 bytes failed: Only part of a ReadProcessMemory or WriteProcessMemory request was completed. (0x12B)
[0723/203436.161:WARNING:pe_image_reader.cc(340)] could not read dos header from C:\Windows\SYSTEM32\Bcp47Langs.dll
[0723/203436.162:ERROR:process_memory_win.cc(73)] ReadMemory at 0x7ffcb7000000 of 64 bytes failed: Only part of a ReadProcessMemory or WriteProcessMemory request was completed. (0x12B)
[0723/203436.162:WARNING:pe_image_reader.cc(340)] could not read dos header from C:\Windows\SYSTEM32\PROPSYS.dll
[0723/203436.162:ERROR:process_memory_win.cc(73)] ReadMemory at 0x7ffcafdf0000 of 64 bytes failed: Only part of a ReadProcessMemory or WriteProcessMemory request was completed. (0x12B)
[0723/203436.162:WARNING:pe_image_reader.cc(340)] could not read dos header from C:\Windows\SYSTEM32\iertutil.dll
[0723/203436.162:ERROR:process_memory_win.cc(73)] ReadMemory at 0x7ffcba380000 of 64 bytes failed: Only part of a ReadProcessMemory or WriteProcessMemory request was completed. (0x12B)
[0723/203436.162:WARNING:pe_image_reader.cc(340)] could not read dos header from C:\Windows\SYSTEM32\SSPICLI.DLL
[0723/203436.173:ERROR:process_memory_win.cc(73)] ReadMemory at 0xefc4ff3000 of 53248 bytes failed: Only part of a ReadProcessMemory or WriteProcessMemory request was completed. (0x12B)
[0723/203436.173:ERROR:process_memory_win.cc(73)] ReadMemory at 0xefc51fd000 of 12288 bytes failed: Only part of a ReadProcessMemory or WriteProcessMemory request was completed. (0x12B)
[0723/203436.174:ERROR:process_memory_win.cc(73)] ReadMemory at 0xefc53fa000 of 24576 bytes failed: Only part of a ReadProcessMemory or WriteProcessMemory request was completed. (0x12B)
[0723/203436.174:ERROR:process_memory_win.cc(73)] ReadMemory at 0xefc55fc000 of 16384 bytes failed: Only part of a ReadProcessMemory or WriteProcessMemory request was completed. (0x12B)
[0723/203436.174:ERROR:process_memory_win.cc(73)] ReadMemory at 0xefc57fc000 of 16384 bytes failed: Only part of a ReadProcessMemory or WriteProcessMemory request was completed. (0x12B)
[0723/203436.174:ERROR:process_memory_win.cc(73)] ReadMemory at 0xefc59fe000 of 8192 bytes failed: Only part of a ReadProcessMemory or WriteProcessMemory request was completed. (0x12B)
[0723/203436.175:ERROR:process_memory_win.cc(73)] ReadMemory at 0xefc5bfd000 of 12288 bytes failed: Only part of a ReadProcessMemory or WriteProcessMemory request was completed. (0x12B)
[0723/203436.175:ERROR:process_memory_win.cc(73)] ReadMemory at 0xefc5dfb000 of 20480 bytes failed: Only part of a ReadProcessMemory or WriteProcessMemory request was completed. (0x12B)
[0723/203436.175:ERROR:process_memory_win.cc(73)] ReadMemory at 0xefc5ffd000 of 12288 bytes failed: Only part of a ReadProcessMemory or WriteProcessMemory request was completed. (0x12B)
[0723/203436.175:ERROR:process_memory_win.cc(73)] ReadMemory at 0xefc61fd000 of 12288 bytes failed: Only part of a ReadProcessMemory or WriteProcessMemory request was completed. (0x12B)
[0723/203436.176:ERROR:process_memory_win.cc(73)] ReadMemory at 0xefc63fd000 of 12288 bytes failed: Only part of a ReadProcessMemory or WriteProcessMemory request was completed. (0x12B)
[0723/203436.176:ERROR:process_memory_win.cc(73)] ReadMemory at 0xefc65fd000 of 12288 bytes failed: Only part of a ReadProcessMemory or WriteProcessMemory request was completed. (0x12B)
[0723/203436.176:ERROR:process_memory_win.cc(73)] ReadMemory at 0xefc67fa000 of 24576 bytes failed: Only part of a ReadProcessMemory or WriteProcessMemory request was completed. (0x12B)
[0723/203436.176:ERROR:process_memory_win.cc(73)] ReadMemory at 0xefc69fd000 of 12288 bytes failed: Only part of a ReadProcessMemory or WriteProcessMemory request was completed. (0x12B)
[0723/203436.176:ERROR:process_memory_win.cc(73)] ReadMemory at 0xefc4cfc000 of 852 bytes failed: Only part of a ReadProcessMemory or WriteProcessMemory request was completed. (0x12B)
[0723/203436.177:ERROR:process_memory_win.cc(73)] ReadMemory at 0xefc4cfd000 of 6024 bytes failed: Only part of a ReadProcessMemory or WriteProcessMemory request was completed. (0x12B)
[0723/203436.177:ERROR:process_memory_win.cc(73)] ReadMemory at 0xefc4cff000 of 6024 bytes failed: Only part of a ReadProcessMemory or WriteProcessMemory request was completed. (0x12B)
[0723/203436.177:ERROR:process_memory_win.cc(73)] ReadMemory at 0xefc4d01000 of 6024 bytes failed: Only part of a ReadProcessMemory or WriteProcessMemory request was completed. (0x12B)
[0723/203436.177:ERROR:process_memory_win.cc(73)] ReadMemory at 0xefc4d03000 of 6024 bytes failed: Only part of a ReadProcessMemory or WriteProcessMemory request was completed. (0x12B)
[0723/203436.177:ERROR:process_memory_win.cc(73)] ReadMemory at 0xefc4d05000 of 6024 bytes failed: Only part of a ReadProcessMemory or WriteProcessMemory request was completed. (0x12B)
[0723/203436.178:ERROR:process_memory_win.cc(73)] ReadMemory at 0xefc4d07000 of 6024 bytes failed: Only part of a ReadProcessMemory or WriteProcessMemory request was completed. (0x12B)
[0723/203436.178:ERROR:process_memory_win.cc(73)] ReadMemory at 0xefc4d09000 of 6024 bytes failed: Only part of a ReadProcessMemory or WriteProcessMemory request was completed. (0x12B)
[0723/203436.178:ERROR:process_memory_win.cc(73)] ReadMemory at 0xefc4d0b000 of 6024 bytes failed: Only part of a ReadProcessMemory or WriteProcessMemory request was completed. (0x12B)
[0723/203436.178:ERROR:process_memory_win.cc(73)] ReadMemory at 0xefc4d0d000 of 6024 bytes failed: Only part of a ReadProcessMemory or WriteProcessMemory request was completed. (0x12B)
[0723/203436.179:ERROR:process_memory_win.cc(73)] ReadMemory at 0xefc4d0f000 of 6024 bytes failed: Only part of a ReadProcessMemory or WriteProcessMemory request was completed. (0x12B)
[0723/203436.179:ERROR:process_memory_win.cc(73)] ReadMemory at 0xefc4d11000 of 6024 bytes failed: Only part of a ReadProcessMemory or WriteProcessMemory request was completed. (0x12B)
[0723/203436.179:ERROR:process_memory_win.cc(73)] ReadMemory at 0xefc4d13000 of 6024 bytes failed: Only part of a ReadProcessMemory or WriteProcessMemory request was completed. (0x12B)
[0723/203436.179:ERROR:process_memory_win.cc(73)] ReadMemory at 0xefc4d15000 of 6024 bytes failed: Only part of a ReadProcessMemory or WriteProcessMemory request was completed. (0x12B)
[0723/203436.179:ERROR:process_memory_win.cc(73)] ReadMemory at 0xefc4d17000 of 6024 bytes failed: Only part of a ReadProcessMemory or WriteProcessMemory request was completed. (0x12B)
[0723/203436.179:ERROR:process_memory_win.cc(73)] ReadMemory at 0x2ab71150fe0 of 5542 bytes failed: Only part of a ReadProcessMemory or WriteProcessMemory request was completed. (0x12B)
[0723/203436.180:ERROR:process_memory_win.cc(73)] ReadMemory at 0x2ab71152590 of 1012 bytes failed: Only part of a ReadProcessMemory or WriteProcessMemory request was completed. (0x12B)
[0723/203436.180:ERROR:process_memory_win.cc(73)] ReadMemory at 0x2ab71152bb8 of 118 bytes failed: Only part of a ReadProcessMemory or WriteProcessMemory request was completed. (0x12B)
[0723/203436.180:ERROR:process_memory_win.cc(73)] ReadMemory at 0x2ab71152c30 of 1400 bytes failed: Only part of a ReadProcessMemory or WriteProcessMemory request was completed. (0x12B)
[0723/203436.180:ERROR:process_memory_win.cc(73)] ReadMemory at 0x2ab711531aa of 118 bytes failed: Only part of a ReadProcessMemory or WriteProcessMemory request was completed. (0x12B)
[0723/203436.180:ERROR:process_memory_win.cc(73)] ReadMemory at 0x2ab71153222 of 96 bytes failed: Only part of a ReadProcessMemory or WriteProcessMemory request was completed. (0x12B)
[0723/203436.180:ERROR:process_memory_win.cc(73)] ReadMemory at 0x2ab71153290 of 58 bytes failed: Only part of a ReadProcessMemory or WriteProcessMemory request was completed. (0x12B)
[0723/203436.180:ERROR:process_memory_win.cc(73)] ReadMemory at 0x2ab71153390 of 132 bytes failed: Only part of a ReadProcessMemory or WriteProcessMemory request was completed. (0x12B)
[0723/203436.180:ERROR:process_memory_win.cc(73)] ReadMemory at 0x2ab71153520 of 132 bytes failed: Only part of a ReadProcessMemory or WriteProcessMemory request was completed. (0x12B)
[0723/203436.180:ERROR:process_memory_win.cc(73)] ReadMemory at 0x2ab711536e0 of 126 bytes failed: Only part of a ReadProcessMemory or WriteProcessMemory request was completed. (0x12B)
[0723/203436.180:ERROR:process_memory_win.cc(73)] ReadMemory at 0x2ab71153ac0 of 132 bytes failed: Only part of a ReadProcessMemory or WriteProcessMemory request was completed. (0x12B)
[0723/203436.180:ERROR:process_memory_win.cc(73)] ReadMemory at 0x2ab71153c50 of 64 bytes failed: Only part of a ReadProcessMemory or WriteProcessMemory request was completed. (0x12B)
[0723/203436.181:ERROR:process_memory_win.cc(73)] ReadMemory at 0x2ab711540c0 of 132 bytes failed: Only part of a ReadProcessMemory or WriteProcessMemory request was completed. (0x12B)
[0723/203436.181:ERROR:process_memory_win.cc(73)] ReadMemory at 0x2ab71154250 of 68 bytes failed: Only part of a ReadProcessMemory or WriteProcessMemory request was completed. (0x12B)
[0723/203436.181:ERROR:process_memory_win.cc(73)] ReadMemory at 0x2ab71155270 of 132 bytes failed: Only part of a ReadProcessMemory or WriteProcessMemory request was completed. (0x12B)
[0723/203436.181:ERROR:process_memory_win.cc(73)] ReadMemory at 0x2ab711553a0 of 132 bytes failed: Only part of a ReadProcessMemory or WriteProcessMemory request was completed. (0x12B)
[0723/203436.181:ERROR:process_memory_win.cc(73)] ReadMemory at 0x2ab711554d0 of 62 bytes failed: Only part of a ReadProcessMemory or WriteProcessMemory request was completed. (0x12B)
[0723/203436.181:ERROR:process_memory_win.cc(73)] ReadMemory at 0x2ab711558b0 of 132 bytes failed: Only part of a ReadProcessMemory or WriteProcessMemory request was completed. (0x12B)
[0723/203436.181:ERROR:process_memory_win.cc(73)] ReadMemory at 0x2ab71155a40 of 60 bytes failed: Only part of a ReadProcessMemory or WriteProcessMemory request was completed. (0x12B)
[0723/203436.181:ERROR:process_memory_win.cc(73)] ReadMemory at 0x2ab71155a90 of 158 bytes failed: Only part of a ReadProcessMemory or WriteProcessMemory request was completed. (0x12B)
[0723/203436.181:ERROR:process_memory_win.cc(73)] ReadMemory at 0x2ab71155c90 of 132 bytes failed: Only part of a ReadProcessMemory or WriteProcessMemory request was completed. (0x12B)
[0723/203436.181:ERROR:process_memory_win.cc(73)] ReadMemory at 0x2ab71155e20 of 64 bytes failed: Only part of a ReadProcessMemory or WriteProcessMemory request was completed. (0x12B)
[0723/203436.181:ERROR:process_memory_win.cc(73)] ReadMemory at 0x2ab711560a0 of 132 bytes failed: Only part of a ReadProcessMemory or WriteProcessMemory request was completed. (0x12B)
[0723/203436.182:ERROR:process_memory_win.cc(73)] ReadMemory at 0x2ab71156230 of 64 bytes failed: Only part of a ReadProcessMemory or WriteProcessMemory request was completed. (0x12B)
[0723/203436.182:ERROR:process_memory_win.cc(73)] ReadMemory at 0x2ab71156490 of 132 bytes failed: Only part of a ReadProcessMemory or WriteProcessMemory request was completed. (0x12B)
[0723/203436.182:ERROR:process_memory_win.cc(73)] ReadMemory at 0x2ab71156620 of 60 bytes failed: Only part of a ReadProcessMemory or WriteProcessMemory request was completed. (0x12B)
[0723/203436.182:ERROR:process_memory_win.cc(73)] ReadMemory at 0x2ab71156930 of 132 bytes failed: Only part of a ReadProcessMemory or WriteProcessMemory request was completed. (0x12B)
[0723/203436.182:ERROR:process_memory_win.cc(73)] ReadMemory at 0x2ab71156ac0 of 60 bytes failed: Only part of a ReadProcessMemory or WriteProcessMemory request was completed. (0x12B)
[0723/203436.182:ERROR:process_memory_win.cc(73)] ReadMemory at 0x2ab71156d00 of 132 bytes failed: Only part of a ReadProcessMemory or WriteProcessMemory request was completed. (0x12B)
[0723/203436.182:ERROR:process_memory_win.cc(73)] ReadMemory at 0x2ab71156e90 of 62 bytes failed: Only part of a ReadProcessMemory or WriteProcessMemory request was completed. (0x12B)
[0723/203436.182:ERROR:process_memory_win.cc(73)] ReadMemory at 0x2ab71157210 of 132 bytes failed: Only part of a ReadProcessMemory or WriteProcessMemory request was completed. (0x12B)
[0723/203436.182:ERROR:process_memory_win.cc(73)] ReadMemory at 0x2ab711573a0 of 80 bytes failed: Only part of a ReadProcessMemory or WriteProcessMemory request was completed. (0x12B)
[0723/203436.182:ERROR:process_memory_win.cc(73)] ReadMemory at 0x2ab711599e0 of 132 bytes failed: Only part of a ReadProcessMemory or WriteProcessMemory request was completed. (0x12B)
[0723/203436.182:ERROR:process_memory_win.cc(73)] ReadMemory at 0x2ab71159f80 of 78 bytes failed: Only part of a ReadProcessMemory or WriteProcessMemory request was completed. (0x12B)
[0723/203436.183:ERROR:process_memory_win.cc(73)] ReadMemory at 0x2ab7115a1c0 of 76 bytes failed: Only part of a ReadProcessMemory or WriteProcessMemory request was completed. (0x12B)
[0723/203436.183:ERROR:process_memory_win.cc(73)] ReadMemory at 0x2ab7115af60 of 132 bytes failed: Only part of a ReadProcessMemory or WriteProcessMemory request was completed. (0x12B)
[0723/203436.183:ERROR:process_memory_win.cc(73)] ReadMemory at 0x2ab7115b090 of 66 bytes failed: Only part of a ReadProcessMemory or WriteProcessMemory request was completed. (0x12B)
[0723/203436.183:ERROR:process_memory_win.cc(73)] ReadMemory at 0x2ab7115b2d0 of 132 bytes failed: Only part of a ReadProcessMemory or WriteProcessMemory request was completed. (0x12B)
[0723/203436.183:ERROR:process_memory_win.cc(73)] ReadMemory at 0x2ab7115b400 of 62 bytes failed: Only part of a ReadProcessMemory or WriteProcessMemory request was completed. (0x12B)
[0723/203436.183:ERROR:process_memory_win.cc(73)] ReadMemory at 0x2ab7115b660 of 132 bytes failed: Only part of a ReadProcessMemory or WriteProcessMemory request was completed. (0x12B)
[0723/203436.183:ERROR:process_memory_win.cc(73)] ReadMemory at 0x2ab7115b790 of 64 bytes failed: Only part of a ReadProcessMemory or WriteProcessMemory request was completed. (0x12B)
[0723/203436.183:ERROR:process_memory_win.cc(73)] ReadMemory at 0x2ab7115ba20 of 132 bytes failed: Only part of a ReadProcessMemory or WriteProcessMemory request was completed. (0x12B)
[0723/203436.183:ERROR:process_memory_win.cc(73)] ReadMemory at 0x2ab7115bb50 of 132 bytes failed: Only part of a ReadProcessMemory or WriteProcessMemory request was completed. (0x12B)
[0723/203436.183:ERROR:process_memory_win.cc(73)] ReadMemory at 0x2ab7115bc80 of 132 bytes failed: Only part of a ReadProcessMemory or WriteProcessMemory request was completed. (0x12B)
[0723/203436.183:ERROR:process_memory_win.cc(73)] ReadMemory at 0x2ab7115bdb0 of 132 bytes failed: Only part of a ReadProcessMemory or WriteProcessMemory request was completed. (0x12B)
[0723/203436.184:ERROR:process_memory_win.cc(73)] ReadMemory at 0x2ab7115bee0 of 132 bytes failed: Only part of a ReadProcessMemory or WriteProcessMemory request was completed. (0x12B)
[0723/203436.184:ERROR:process_memory_win.cc(73)] ReadMemory at 0x2ab7115c010 of 132 bytes failed: Only part of a ReadProcessMemory or WriteProcessMemory request was completed. (0x12B)
[0723/203436.184:ERROR:process_memory_win.cc(73)] ReadMemory at 0x2ab7115c140 of 132 bytes failed: Only part of a ReadProcessMemory or WriteProcessMemory request was completed. (0x12B)
[0723/203436.184:ERROR:process_memory_win.cc(73)] ReadMemory at 0x2ab7115c270 of 132 bytes failed: Only part of a ReadProcessMemory or WriteProcessMemory request was completed. (0x12B)
[0723/203436.184:ERROR:process_memory_win.cc(73)] ReadMemory at 0x2ab7115c3a0 of 132 bytes failed: Only part of a ReadProcessMemory or WriteProcessMemory request was completed. (0x12B)
[0723/203436.184:ERROR:process_memory_win.cc(73)] ReadMemory at 0x2ab7115c4d0 of 132 bytes failed: Only part of a ReadProcessMemory or WriteProcessMemory request was completed. (0x12B)
[0723/203436.184:ERROR:process_memory_win.cc(73)] ReadMemory at 0x2ab7115c600 of 132 bytes failed: Only part of a ReadProcessMemory or WriteProcessMemory request was completed. (0x12B)
[0723/203436.184:ERROR:process_memory_win.cc(73)] ReadMemory at 0x2ab7115c730 of 132 bytes failed: Only part of a ReadProcessMemory or WriteProcessMemory request was completed. (0x12B)
[0723/203436.184:ERROR:process_memory_win.cc(73)] ReadMemory at 0x2ab7115c860 of 132 bytes failed: Only part of a ReadProcessMemory or WriteProcessMemory request was completed. (0x12B)
[0723/203436.184:ERROR:process_memory_win.cc(73)] ReadMemory at 0x2ab7115ca30 of 62 bytes failed: Only part of a ReadProcessMemory or WriteProcessMemory request was completed. (0x12B)
[0723/203436.185:ERROR:process_memory_win.cc(73)] ReadMemory at 0x2ab7115cad0 of 58 bytes failed: Only part of a ReadProcessMemory or WriteProcessMemory request was completed. (0x12B)
[0723/203436.185:ERROR:process_memory_win.cc(73)] ReadMemory at 0x2ab7115cb20 of 60 bytes failed: Only part of a ReadProcessMemory or WriteProcessMemory request was completed. (0x12B)
[0723/203436.185:ERROR:process_memory_win.cc(73)] ReadMemory at 0x2ab7115cbc0 of 62 bytes failed: Only part of a ReadProcessMemory or WriteProcessMemory request was completed. (0x12B)
[0723/203436.185:ERROR:process_memory_win.cc(73)] ReadMemory at 0x2ab7115cc10 of 62 bytes failed: Only part of a ReadProcessMemory or WriteProcessMemory request was completed. (0x12B)
[0723/203436.185:ERROR:process_memory_win.cc(73)] ReadMemory at 0x2ab7115cd50 of 66 bytes failed: Only part of a ReadProcessMemory or WriteProcessMemory request was completed. (0x12B)
[0723/203436.185:ERROR:process_memory_win.cc(73)] ReadMemory at 0x2ab7115ce90 of 62 bytes failed: Only part of a ReadProcessMemory or WriteProcessMemory request was completed. (0x12B)
[0723/203436.185:ERROR:process_memory_win.cc(73)] ReadMemory at 0x2ab7115cee0 of 58 bytes failed: Only part of a ReadProcessMemory or WriteProcessMemory request was completed. (0x12B)
[0723/203436.185:ERROR:process_memory_win.cc(73)] ReadMemory at 0x2ab7115cf30 of 62 bytes failed: Only part of a ReadProcessMemory or WriteProcessMemory request was completed. (0x12B)
[0723/203436.185:ERROR:process_memory_win.cc(73)] ReadMemory at 0x2ab7115cf80 of 66 bytes failed: Only part of a ReadProcessMemory or WriteProcessMemory request was completed. (0x12B)
[0723/203436.185:ERROR:process_memory_win.cc(73)] ReadMemory at 0x2ab7115cfd0 of 66 bytes failed: Only part of a ReadProcessMemory or WriteProcessMemory request was completed. (0x12B)
[0723/203436.186:ERROR:process_memory_win.cc(73)] ReadMemory at 0x2ab7115d020 of 60 bytes failed: Only part of a ReadProcessMemory or WriteProcessMemory request was completed. (0x12B)
[0723/203436.186:ERROR:process_memory_win.cc(73)] ReadMemory at 0x2ab7115d0c0 of 64 bytes failed: Only part of a ReadProcessMemory or WriteProcessMemory request was completed. (0x12B)
[0723/203436.186:ERROR:process_memory_win.cc(73)] ReadMemory at 0x2ab7115d110 of 60 bytes failed: Only part of a ReadProcessMemory or WriteProcessMemory request was completed. (0x12B)
[0723/203436.186:ERROR:process_memory_win.cc(73)] ReadMemory at 0x2ab7115ec00 of 154 bytes failed: Only part of a ReadProcessMemory or WriteProcessMemory request was completed. (0x12B)
[0723/203436.186:ERROR:process_memory_win.cc(73)] ReadMemory at 0x2ab71161830 of 132 bytes failed: Only part of a ReadProcessMemory or WriteProcessMemory request was completed. (0x12B)
[0723/203436.186:ERROR:process_memory_win.cc(73)] ReadMemory at 0x2ab71161960 of 132 bytes failed: Only part of a ReadProcessMemory or WriteProcessMemory request was completed. (0x12B)
[0723/203436.186:ERROR:process_memory_win.cc(73)] ReadMemory at 0x2ab71161a90 of 132 bytes failed: Only part of a ReadProcessMemory or WriteProcessMemory request was completed. (0x12B)
[0723/203436.186:ERROR:process_memory_win.cc(73)] ReadMemory at 0x2ab71161bc0 of 132 bytes failed: Only part of a ReadProcessMemory or WriteProcessMemory request was completed. (0x12B)
[0723/203436.186:ERROR:process_memory_win.cc(73)] ReadMemory at 0x2ab71161cf0 of 132 bytes failed: Only part of a ReadProcessMemory or WriteProcessMemory request was completed. (0x12B)
[0723/203436.186:ERROR:process_memory_win.cc(73)] ReadMemory at 0x2ab71161e20 of 132 bytes failed: Only part of a ReadProcessMemory or WriteProcessMemory request was completed. (0x12B)
[0723/203436.186:ERROR:process_memory_win.cc(73)] ReadMemory at 0x2ab71161f50 of 132 bytes failed: Only part of a ReadProcessMemory or WriteProcessMemory request was completed. (0x12B)
[0723/203436.186:ERROR:process_memory_win.cc(73)] ReadMemory at 0x2ab71162080 of 132 bytes failed: Only part of a ReadProcessMemory or WriteProcessMemory request was completed. (0x12B)
[0723/203436.187:ERROR:process_memory_win.cc(73)] ReadMemory at 0x2ab711621b0 of 132 bytes failed: Only part of a ReadProcessMemory or WriteProcessMemory request was completed. (0x12B)
[0723/203436.187:ERROR:process_memory_win.cc(73)] ReadMemory at 0x2ab711622e0 of 132 bytes failed: Only part of a ReadProcessMemory or WriteProcessMemory request was completed. (0x12B)
[0723/203436.187:ERROR:process_memory_win.cc(73)] ReadMemory at 0x2ab71162410 of 132 bytes failed: Only part of a ReadProcessMemory or WriteProcessMemory request was completed. (0x12B)
[0723/203436.187:ERROR:process_memory_win.cc(73)] ReadMemory at 0x2ab71162540 of 132 bytes failed: Only part of a ReadProcessMemory or WriteProcessMemory request was completed. (0x12B)
[0723/203436.187:ERROR:process_memory_win.cc(73)] ReadMemory at 0x2ab71162670 of 132 bytes failed: Only part of a ReadProcessMemory or WriteProcessMemory request was completed. (0x12B)
[0723/203436.187:ERROR:process_memory_win.cc(73)] ReadMemory at 0x2ab711627a0 of 132 bytes failed: Only part of a ReadProcessMemory or WriteProcessMemory request was completed. (0x12B)
[0723/203436.187:ERROR:process_memory_win.cc(73)] ReadMemory at 0x2ab711628d0 of 132 bytes failed: Only part of a ReadProcessMemory or WriteProcessMemory request was completed. (0x12B)
[0723/203436.187:ERROR:process_memory_win.cc(73)] ReadMemory at 0x2ab71162a00 of 132 bytes failed: Only part of a ReadProcessMemory or WriteProcessMemory request was completed. (0x12B)
[0723/203436.187:ERROR:process_memory_win.cc(73)] ReadMemory at 0x2ab71162b30 of 132 bytes failed: Only part of a ReadProcessMemory or WriteProcessMemory request was completed. (0x12B)
[0723/203436.187:ERROR:process_memory_win.cc(73)] ReadMemory at 0x2ab71162c60 of 132 bytes failed: Only part of a ReadProcessMemory or WriteProcessMemory request was completed. (0x12B)
[0723/203436.187:ERROR:process_memory_win.cc(73)] ReadMemory at 0x2ab71162d90 of 132 bytes failed: Only part of a ReadProcessMemory or WriteProcessMemory request was completed. (0x12B)
[0723/203436.188:ERROR:process_memory_win.cc(73)] ReadMemory at 0x2ab71162ec0 of 132 bytes failed: Only part of a ReadProcessMemory or WriteProcessMemory request was completed. (0x12B)
[0723/203436.188:ERROR:process_memory_win.cc(73)] ReadMemory at 0x2ab71162ff0 of 132 bytes failed: Only part of a ReadProcessMemory or WriteProcessMemory request was completed. (0x12B)
[0723/203436.188:ERROR:process_memory_win.cc(73)] ReadMemory at 0x2ab71163120 of 132 bytes failed: Only part of a ReadProcessMemory or WriteProcessMemory request was completed. (0x12B)
[0723/203436.188:ERROR:process_memory_win.cc(73)] ReadMemory at 0x2ab71163250 of 132 bytes failed: Only part of a ReadProcessMemory or WriteProcessMemory request was completed. (0x12B)
[0723/203436.188:ERROR:process_memory_win.cc(73)] ReadMemory at 0x2ab711634b0 of 132 bytes failed: Only part of a ReadProcessMemory or WriteProcessMemory request was completed. (0x12B)
[0723/203436.188:ERROR:process_memory_win.cc(73)] ReadMemory at 0x2ab711635e0 of 132 bytes failed: Only part of a ReadProcessMemory or WriteProcessMemory request was completed. (0x12B)
[0723/203436.188:ERROR:process_memory_win.cc(73)] ReadMemory at 0x2ab71164740 of 80 bytes failed: Only part of a ReadProcessMemory or WriteProcessMemory request was completed. (0x12B)
[0723/203436.188:ERROR:process_memory_win.cc(73)] ReadMemory at 0x2ab71167420 of 58 bytes failed: Only part of a ReadProcessMemory or WriteProcessMemory request was completed. (0x12B)
[0723/203436.188:ERROR:process_memory_win.cc(73)] ReadMemory at 0x2ab7116e3e0 of 54 bytes failed: Only part of a ReadProcessMemory or WriteProcessMemory request was completed. (0x12B)
[0723/203436.189:ERROR:process_memory_win.cc(73)] ReadMemory at 0x2ab71174db0 of 62 bytes failed: Only part of a ReadProcessMemory or WriteProcessMemory request was completed. (0x12B)
[0723/203436.189:ERROR:process_memory_win.cc(73)] ReadMemory at 0x2ab71174e50 of 64 bytes failed: Only part of a ReadProcessMemory or WriteProcessMemory request was completed. (0x12B)
[0723/203436.189:ERROR:process_memory_win.cc(73)] ReadMemory at 0x2ab71174ea0 of 64 bytes failed: Only part of a ReadProcessMemory or WriteProcessMemory request was completed. (0x12B)
[0723/203436.189:ERROR:process_memory_win.cc(73)] ReadMemory at 0x2ab71174ef0 of 60 bytes failed: Only part of a ReadProcessMemory or WriteProcessMemory request was completed. (0x12B)
[0723/203436.189:ERROR:process_memory_win.cc(73)] ReadMemory at 0x2ab71175080 of 60 bytes failed: Only part of a ReadProcessMemory or WriteProcessMemory request was completed. (0x12B)
[0723/203436.189:ERROR:process_memory_win.cc(73)] ReadMemory at 0x2ab711751c0 of 64 bytes failed: Only part of a ReadProcessMemory or WriteProcessMemory request was completed. (0x12B)
[0723/203436.189:ERROR:process_memory_win.cc(73)] ReadMemory at 0x2ab71175300 of 68 bytes failed: Only part of a ReadProcessMemory or WriteProcessMemory request was completed. (0x12B)
[0723/203436.189:ERROR:process_memory_win.cc(73)] ReadMemory at 0x2ab71175440 of 64 bytes failed: Only part of a ReadProcessMemory or WriteProcessMemory request was completed. (0x12B)
[0723/203436.189:ERROR:process_memory_win.cc(73)] ReadMemory at 0x2ab711754e0 of 62 bytes failed: Only part of a ReadProcessMemory or WriteProcessMemory request was completed. (0x12B)
[0723/203436.189:ERROR:process_memory_win.cc(73)] ReadMemory at 0x2ab71175530 of 60 bytes failed: Only part of a ReadProcessMemory or WriteProcessMemory request was completed. (0x12B)
[0723/203436.189:ERROR:process_memory_win.cc(73)] ReadMemory at 0x2ab71175620 of 60 bytes failed: Only part of a ReadProcessMemory or WriteProcessMemory request was completed. (0x12B)
[0723/203436.189:ERROR:process_memory_win.cc(73)] ReadMemory at 0x2ab71175760 of 60 bytes failed: Only part of a ReadProcessMemory or WriteProcessMemory request was completed. (0x12B)
[0723/203436.190:ERROR:process_memory_win.cc(73)] ReadMemory at 0x2ab711757b0 of 62 bytes failed: Only part of a ReadProcessMemory or WriteProcessMemory request was completed. (0x12B)
[0723/203436.190:ERROR:process_memory_win.cc(73)] ReadMemory at 0x2ab71175800 of 64 bytes failed: Only part of a ReadProcessMemory or WriteProcessMemory request was completed. (0x12B)
[0723/203436.190:ERROR:process_memory_win.cc(73)] ReadMemory at 0x2ab71175850 of 56 bytes failed: Only part of a ReadProcessMemory or WriteProcessMemory request was completed. (0x12B)
[0723/203436.190:ERROR:process_memory_win.cc(73)] ReadMemory at 0x2ab711758a0 of 58 bytes failed: Only part of a ReadProcessMemory or WriteProcessMemory request was completed. (0x12B)
[0723/203436.190:ERROR:process_memory_win.cc(73)] ReadMemory at 0x2ab71175940 of 58 bytes failed: Only part of a ReadProcessMemory or WriteProcessMemory request was completed. (0x12B)
[0723/203436.190:ERROR:process_memory_win.cc(73)] ReadMemory at 0x2ab71175990 of 62 bytes failed: Only part of a ReadProcessMemory or WriteProcessMemory request was completed. (0x12B)
[0723/203436.190:ERROR:process_memory_win.cc(73)] ReadMemory at 0x2ab71175a30 of 64 bytes failed: Only part of a ReadProcessMemory or WriteProcessMemory request was completed. (0x12B)
[0723/203436.190:ERROR:process_memory_win.cc(73)] ReadMemory at 0x2ab71175a80 of 62 bytes failed: Only part of a ReadProcessMemory or WriteProcessMemory request was completed. (0x12B)
[0723/203436.190:ERROR:process_memory_win.cc(73)] ReadMemory at 0x2ab71175ad0 of 62 bytes failed: Only part of a ReadProcessMemory or WriteProcessMemory request was completed. (0x12B)
[0723/203436.190:ERROR:process_memory_win.cc(73)] ReadMemory at 0x2ab71175b20 of 64 bytes failed: Only part of a ReadProcessMemory or WriteProcessMemory request was completed. (0x12B)
[0723/203436.190:ERROR:process_memory_win.cc(73)] ReadMemory at 0x2ab71175c10 of 64 bytes failed: Only part of a ReadProcessMemory or WriteProcessMemory request was completed. (0x12B)
[0723/203436.190:ERROR:process_memory_win.cc(73)] ReadMemory at 0x2ab711760d0 of 246 bytes failed: Only part of a ReadProcessMemory or WriteProcessMemory request was completed. (0x12B)
[0723/203436.191:ERROR:process_memory_win.cc(73)] ReadMemory at 0x2ab71178040 of 132 bytes failed: Only part of a ReadProcessMemory or WriteProcessMemory request was completed. (0x12B)
[0723/203436.191:ERROR:process_memory_win.cc(73)] ReadMemory at 0x2ab71178630 of 132 bytes failed: Only part of a ReadProcessMemory or WriteProcessMemory request was completed. (0x12B)
[0723/203436.191:ERROR:process_memory_win.cc(73)] ReadMemory at 0x2ab71178760 of 132 bytes failed: Only part of a ReadProcessMemory or WriteProcessMemory request was completed. (0x12B)
[0723/203436.191:ERROR:process_memory_win.cc(73)] ReadMemory at 0x2ab71178890 of 132 bytes failed: Only part of a ReadProcessMemory or WriteProcessMemory request was completed. (0x12B)
[0723/203436.191:ERROR:process_memory_win.cc(73)] ReadMemory at 0x2ab71178d50 of 132 bytes failed: Only part of a ReadProcessMemory or WriteProcessMemory request was completed. (0x12B)
[0723/203436.191:ERROR:process_memory_win.cc(73)] ReadMemory at 0x2ab7118f560 of 512 bytes failed: Only part of a ReadProcessMemory or WriteProcessMemory request was completed. (0x12B)
[0723/203436.191:ERROR:process_memory_win.cc(73)] ReadMemory at 0x2ab71191310 of 512 bytes failed: Only part of a ReadProcessMemory or WriteProcessMemory request was completed. (0x12B)
[0723/203436.191:ERROR:process_memory_win.cc(73)] ReadMemory at 0x2ab713510c0 of 512 bytes failed: Only part of a ReadProcessMemory or WriteProcessMemory request was completed. (0x12B)
[0723/203436.191:ERROR:process_memory_win.cc(73)] ReadMemory at 0x2ab71351600 of 512 bytes failed: Only part of a ReadProcessMemory or WriteProcessMemory request was completed. (0x12B)
[0723/203436.191:ERROR:process_memory_win.cc(73)] ReadMemory at 0x2ab71352740 of 512 bytes failed: Only part of a ReadProcessMemory or WriteProcessMemory request was completed. (0x12B)
[0723/203436.191:ERROR:process_memory_win.cc(73)] ReadMemory at 0x2ab7149c600 of 512 bytes failed: Only part of a ReadProcessMemory or WriteProcessMemory request was completed. (0x12B)
[0723/203436.192:ERROR:process_memory_win.cc(73)] ReadMemory at 0x2ab714a1270 of 512 bytes failed: Only part of a ReadProcessMemory or WriteProcessMemory request was completed. (0x12B)
[0723/203436.192:ERROR:process_memory_win.cc(73)] ReadMemory at 0x2ab714a2470 of 512 bytes failed: Only part of a ReadProcessMemory or WriteProcessMemory request was completed. (0x12B)
[0723/203436.192:ERROR:process_memory_win.cc(73)] ReadMemory at 0x2ab714a52d0 of 512 bytes failed: Only part of a ReadProcessMemory or WriteProcessMemory request was completed. (0x12B)
[0723/203436.192:ERROR:process_memory_win.cc(73)] ReadMemory at 0x2ab714c20d0 of 712 bytes failed: Only part of a ReadProcessMemory or WriteProcessMemory request was completed. (0x12B)
[0723/203436.192:ERROR:process_memory_win.cc(73)] ReadMemory at 0x2ab714e7f40 of 512 bytes failed: Only part of a ReadProcessMemory or WriteProcessMemory request was completed. (0x12B)
[0723/203436.192:ERROR:process_memory_win.cc(73)] ReadMemory at 0x2ab714e8200 of 512 bytes failed: Only part of a ReadProcessMemory or WriteProcessMemory request was completed. (0x12B)
[0723/203436.192:ERROR:process_memory_win.cc(73)] ReadMemory at 0x2ab714e8990 of 512 bytes failed: Only part of a ReadProcessMemory or WriteProcessMemory request was completed. (0x12B)
[0723/203436.192:ERROR:process_memory_win.cc(73)] ReadMemory at 0x2ab71618e60 of 512 bytes failed: Only part of a ReadProcessMemory or WriteProcessMemory request was completed. (0x12B)
[0723/203436.192:ERROR:process_memory_win.cc(73)] ReadMemory at 0x2ab735d4420 of 560 bytes failed: Only part of a ReadProcessMemory or WriteProcessMemory request was completed. (0x12B)
[0723/203436.193:ERROR:process_memory_win.cc(73)] ReadMemory at 0x2ab737abb80 of 512 bytes failed: Only part of a ReadProcessMemory or WriteProcessMemory request was completed. (0x12B)
[0723/203436.193:ERROR:process_memory_win.cc(73)] ReadMemory at 0x2ab738f1220 of 512 bytes failed: Only part of a ReadProcessMemory or WriteProcessMemory request was completed. (0x12B)
[0723/203436.193:ERROR:process_memory_win.cc(73)] ReadMemory at 0x2ab73ecff80 of 512 bytes failed: Only part of a ReadProcessMemory or WriteProcessMemory request was completed. (0x12B)
[0723/203436.193:ERROR:process_memory_win.cc(73)] ReadMemory at 0x376894684081 of 512 bytes failed: Only part of a ReadProcessMemory or WriteProcessMemory request was completed. (0x12B)
[0723/203436.193:ERROR:process_memory_win.cc(73)] ReadMemory at 0x59eebd11eca0 of 512 bytes failed: Only part of a ReadProcessMemory or WriteProcessMemory request was completed. (0x12B)
[0723/203436.193:ERROR:process_memory_win.cc(73)] ReadMemory at 0x7ffc726c0a3c of 512 bytes failed: Only part of a ReadProcessMemory or WriteProcessMemory request was completed. (0x12B)
[0723/203436.193:ERROR:process_memory_win.cc(73)] ReadMemory at 0x7ffc735fbbc6 of 512 bytes failed: Only part of a ReadProcessMemory or WriteProcessMemory request was completed. (0x12B)
[0723/203436.193:ERROR:process_memory_win.cc(73)] ReadMemory at 0x7ffc753b4610 of 512 bytes failed: Only part of a ReadProcessMemory or WriteProcessMemory request was completed. (0x12B)
[0723/203436.193:ERROR:process_memory_win.cc(73)] ReadMemory at 0x7ffcbb8921f0 of 512 bytes failed: Only part of a ReadProcessMemory or WriteProcessMemory request was completed. (0x12B)
[0723/203436.193:ERROR:process_memory_win.cc(73)] ReadMemory at 0x7ffcbe49ff00 of 512 bytes failed: Only part of a ReadProcessMemory or WriteProcessMemory request was completed. (0x12B)
[0723/203436.194:ERROR:process_memory_win.cc(73)] ReadMemory at 0x7ffcbe4ef764 of 672 bytes failed: Only part of a ReadProcessMemory or WriteProcessMemory request was completed. (0x12B)
[0723/203436.194:ERROR:process_memory_win.cc(73)] ReadMemory at 0x7ffcbe4efd64 of 512 bytes failed: Only part of a ReadProcessMemory or WriteProcessMemory request was completed. (0x12B)
[0723/203436.194:ERROR:process_memory_win.cc(73)] ReadMemory at 0x7ffcbe4f2ff4 of 608 bytes failed: Only part of a ReadProcessMemory or WriteProcessMemory request was completed. (0x12B)
[0723/203436.194:ERROR:process_memory_win.cc(73)] ReadMemory at 0x7ffcbe57c0c8 of 18 bytes failed: Only part of a ReadProcessMemory or WriteProcessMemory request was completed. (0x12B)
[0723/203436.194:ERROR:process_memory_win.cc(73)] ReadMemory at 0x7ffcbe5af4f8 of 40 bytes failed: Only part of a ReadProcessMemory or WriteProcessMemory request was completed. (0x12B)
[0723/203436.194:ERROR:process_memory_win.cc(73)] ReadMemory at 0x7ffcbe5af978 of 48 bytes failed: Only part of a ReadProcessMemory or WriteProcessMemory request was completed. (0x12B)
[0723/203436.194:ERROR:process_memory_win.cc(73)] ReadMemory at 0x7ffcbe5b53a0 of 64 bytes failed: Only part of a ReadProcessMemory or WriteProcessMemory request was completed. (0x12B)
[0723/203436.195:ERROR:process_memory_win.cc(73)] ReadMemory at 0x7ffcbe5c8460 of 536 bytes failed: Only part of a ReadProcessMemory or WriteProcessMemory request was completed. (0x12B)
[0723/203436.197:ERROR:scoped_process_suspend.cc(40)] NtResumeProcess: An attempt was made to access an exiting process. (0xc000010a)
