#
# There is insufficient memory for the Java Runtime Environment to continue.
# Native memory allocation (mmap) failed to map 65011712 bytes for G1 virtual space
# Possible reasons:
#   The system is out of physical RAM or swap space
#   The process is running with CompressedOops enabled, and the Java Heap may be blocking the growth of the native heap
# Possible solutions:
#   Reduce memory load on the system
#   Increase physical memory or swap space
#   Check if swap backing store is full
#   Decrease Java heap size (-Xmx/-Xms)
#   Decrease number of Java threads
#   Decrease Java thread stack sizes (-Xss)
#   Set larger code cache with -XX:ReservedCodeCacheSize=
#   JVM is running with Unscaled Compressed Oops mode in which the Java heap is
#     placed in the first 4GB address space. The Java Heap base address is the
#     maximum limit for the native heap growth. Please use -XX:HeapBaseMinAddress
#     to set the Java Heap base and to place the Java Heap above 4GB virtual address.
# This output file may be truncated or incomplete.
#
#  Out of Memory Error (os_windows.cpp:3466), pid=5048, tid=6912
#
# JRE version:  (16.0.1+9) (build )
# Java VM: OpenJDK 64-Bit Server VM (16.0.1+9-24, mixed mode, sharing, tiered, compressed oops, compressed class ptrs, g1 gc, windows-amd64)
# No core dump will be written. Minidumps are not enabled by default on client versions of Windows
#

---------------  S U M M A R Y ------------

Command Line: -Dfile.encoding=Cp1252 -XX:+ShowCodeDetailsInExceptionMessages newPractice.Practice

Host: Intel(R) Core(TM)2 Quad  CPU   Q8200  @ 2.33GHz, 4 cores, 3G,  Windows 10 , 64 bit Build 19041 (10.0.19041.1151)
Time: Tue Aug 17 10:29:15 2021 Eastern Daylight Time elapsed time: 0.066014 seconds (0d 0h 0m 0s)

---------------  T H R E A D  ---------------

Current thread (0x0000018934392ec0):  JavaThread "Unknown thread" [_thread_in_vm, id=6912, stack(0x00000042ce600000,0x00000042ce700000)]

Stack: [0x00000042ce600000,0x00000042ce700000]
Native frames: (J=compiled Java code, j=interpreted, Vv=VM code, C=native code)
V  [jvm.dll+0x6687ca]
V  [jvm.dll+0x7ca3c9]
V  [jvm.dll+0x7cbb53]
V  [jvm.dll+0x7cc1b3]
V  [jvm.dll+0x242ea5]
V  [jvm.dll+0x665589]
V  [jvm.dll+0x65a175]
V  [jvm.dll+0x2fc5ab]
V  [jvm.dll+0x3037a6]
V  [jvm.dll+0x352fee]
V  [jvm.dll+0x35321f]
V  [jvm.dll+0x2d3618]
V  [jvm.dll+0x2d4854]
V  [jvm.dll+0x79ccb1]
V  [jvm.dll+0x360de1]
V  [jvm.dll+0x77a990]
V  [jvm.dll+0x3e55af]
V  [jvm.dll+0x3e7081]
C  [jli.dll+0x52fb]
C  [ucrtbase.dll+0x21bb2]
C  [KERNEL32.DLL+0x17034]
C  [ntdll.dll+0x52651]


---------------  P R O C E S S  ---------------

Threads class SMR info:
_java_thread_list=0x00007ffee653cbb8, length=0, elements={
}

Java Threads: ( => current thread )

Other Threads:
  0x00000189343c3a70 GCTaskThread "GC Thread#0" [stack: 0x00000042ce700000,0x00000042ce800000] [id=16308]
  0x00000189343cc6b0 ConcurrentGCThread "G1 Main Marker" [stack: 0x00000042ce800000,0x00000042ce900000] [id=16744]
  0x00000189343cda10 ConcurrentGCThread "G1 Conc#0" [stack: 0x00000042ce900000,0x00000042cea00000] [id=9396]

[error occurred during error reporting (printing all threads), id 0xc0000005, EXCEPTION_ACCESS_VIOLATION (0xc0000005) at pc=0x00007ffee5d144d7]

VM state: not at safepoint (not fully initialized)

VM Mutex/Monitor currently owned by a thread:  ([mutex/lock_event])
[0x000001893438e860] Heap_lock - owner thread: 0x0000018934392ec0

Heap address: 0x00000000c2000000, size: 992 MB, Compressed Oops mode: 32-bit

CDS archive(s) mapped at: [0x0000000000000000-0x0000000000000000-0x0000000000000000), size 0, SharedBaseAddress: 0x0000000800000000, ArchiveRelocationMode: 0.
Narrow klass base: 0x0000000000000000, Narrow klass shift: 0, Narrow klass range: 0x0

GC Precious Log:
<Empty>

Heap:
 garbage-first heap   total 0K, used 0K [0x00000000c2000000, 0x0000000100000000)
  region size 1024K, 0 young (0K), 0 survivors (0K)

[error occurred during error reporting (printing heap information), id 0xc0000005, EXCEPTION_ACCESS_VIOLATION (0xc0000005) at pc=0x00007ffee60f24ed]

GC Heap History (0 events):
No events

Deoptimization events (0 events):
No events

Classes unloaded (0 events):
No events

Classes redefined (0 events):
No events

Internal exceptions (0 events):
No events

Events (1 events):
Event: 0.031 Loaded shared library C:\Program Files\OpenJDK\jdk-16.0.1\bin\java.dll


Dynamic libraries:
0x00007ff7569a0000 - 0x00007ff7569ae000 	C:\Program Files\OpenJDK\jdk-16.0.1\bin\javaw.exe
0x00007fff58930000 - 0x00007fff58b25000 	C:\Windows\SYSTEM32\ntdll.dll
0x00007fff571a0000 - 0x00007fff5725d000 	C:\Windows\System32\KERNEL32.DLL
0x00007fff56420000 - 0x00007fff566e9000 	C:\Windows\System32\KERNELBASE.dll
0x00007fff562d0000 - 0x00007fff563d0000 	C:\Windows\System32\ucrtbase.dll
0x00007fff4ea80000 - 0x00007fff4ea98000 	C:\Program Files\OpenJDK\jdk-16.0.1\bin\jli.dll
0x00007fff4ea20000 - 0x00007fff4ea39000 	C:\Program Files\OpenJDK\jdk-16.0.1\bin\VCRUNTIME140.dll
0x00007fff569f0000 - 0x00007fff56b90000 	C:\Windows\System32\USER32.dll
0x00007fff27710000 - 0x00007fff279aa000 	C:\Windows\WinSxS\amd64_microsoft.windows.common-controls_6595b64144ccf1df_6.0.19041.1110_none_60b5254171f9507e\COMCTL32.dll
0x00007fff56810000 - 0x00007fff56832000 	C:\Windows\System32\win32u.dll
0x00007fff56c20000 - 0x00007fff56cbe000 	C:\Windows\System32\msvcrt.dll
0x00007fff56cc0000 - 0x00007fff56cea000 	C:\Windows\System32\GDI32.dll
0x00007fff561c0000 - 0x00007fff562cb000 	C:\Windows\System32\gdi32full.dll
0x00007fff56840000 - 0x00007fff568dd000 	C:\Windows\System32\msvcp_win.dll
0x00007fff573b0000 - 0x00007fff573e0000 	C:\Windows\System32\IMM32.DLL
0x00007fff515d0000 - 0x00007fff515dc000 	C:\Program Files\OpenJDK\jdk-16.0.1\bin\vcruntime140_1.dll
0x00007fff30700000 - 0x00007fff30791000 	C:\Program Files\OpenJDK\jdk-16.0.1\bin\msvcp140.dll
0x00007ffee5a30000 - 0x00007ffee65db000 	C:\Program Files\OpenJDK\jdk-16.0.1\bin\server\jvm.dll
0x00007fff57060000 - 0x00007fff5710c000 	C:\Windows\System32\ADVAPI32.dll
0x00007fff57ce0000 - 0x00007fff57d7b000 	C:\Windows\System32\sechost.dll
0x00007fff56cf0000 - 0x00007fff56e1a000 	C:\Windows\System32\RPCRT4.dll
0x00007fff56b90000 - 0x00007fff56b98000 	C:\Windows\System32\PSAPI.DLL
0x00007fff452d0000 - 0x00007fff452d9000 	C:\Windows\SYSTEM32\WSOCK32.dll
0x00007fff58760000 - 0x00007fff587cb000 	C:\Windows\System32\WS2_32.dll
0x00007fff4b180000 - 0x00007fff4b1a7000 	C:\Windows\SYSTEM32\WINMM.dll
0x00007fff4d310000 - 0x00007fff4d31a000 	C:\Windows\SYSTEM32\VERSION.dll
0x00007fff53eb0000 - 0x00007fff53ec2000 	C:\Windows\SYSTEM32\kernel.appcore.dll
0x00007fff47eb0000 - 0x00007fff47eba000 	C:\Program Files\OpenJDK\jdk-16.0.1\bin\jimage.dll
0x00007fff505c0000 - 0x00007fff507a4000 	C:\Windows\SYSTEM32\DBGHELP.DLL
0x00007fff50470000 - 0x00007fff5049c000 	C:\Windows\SYSTEM32\dbgcore.DLL
0x00007fff56780000 - 0x00007fff56803000 	C:\Windows\System32\bcryptPrimitives.dll
0x00007fff309c0000 - 0x00007fff309e5000 	C:\Program Files\OpenJDK\jdk-16.0.1\bin\java.dll

dbghelp: loaded successfully - version: 4.0.5 - missing functions: none
symbol engine: initialized successfully - sym options: 0x614 - pdb path: .;C:\Program Files\OpenJDK\jdk-16.0.1\bin;C:\Windows\SYSTEM32;C:\Windows\WinSxS\amd64_microsoft.windows.common-controls_6595b64144ccf1df_6.0.19041.1110_none_60b5254171f9507e;C:\Program Files\OpenJDK\jdk-16.0.1\bin\server

VM Arguments:
jvm_args: -Dfile.encoding=Cp1252 -XX:+ShowCodeDetailsInExceptionMessages 
java_command: newPractice.Practice
java_class_path (initial): C:\Users\sunsh\Documents\JavaProjects\EclipseProjects\myjava\Tutorial\target\classes;C:\Users\sunsh\Documents\JavaProjects\EclipseProjects\myjava\Tutorial\lib\byte-buddy-1.8.15.jar;C:\Users\sunsh\Documents\JavaProjects\EclipseProjects\myjava\Tutorial\lib\client-combined-3.141.59.jar;C:\Users\sunsh\Documents\JavaProjects\EclipseProjects\myjava\Tutorial\lib\client-combined-3.141.59-sources.jar;C:\Users\sunsh\Documents\JavaProjects\EclipseProjects\myjava\Tutorial\lib\commons-exec-1.3.jar;C:\Users\sunsh\Documents\JavaProjects\EclipseProjects\myjava\Tutorial\lib\guava-25.0-jre.jar;C:\Users\sunsh\Documents\JavaProjects\EclipseProjects\myjava\Tutorial\lib\htmlunit-driver-2.46.0-jar-with-dependencies.jar;C:\Users\sunsh\Documents\JavaProjects\EclipseProjects\myjava\Tutorial\lib\okhttp-3.11.0.jar;C:\Users\sunsh\Documents\JavaProjects\EclipseProjects\myjava\Tutorial\lib\okio-1.14.0.jar;C:\Users\sunsh\Documents\JavaProjects\EclipseProjects\myjava\Tutorial\lib\selenium-server-standalone-3.141.59.jar;C:\Users\sunsh\Documents\JavaProjects\EclipseProjects\myjava\Tutorial\lib\testng-6.14.3.jar;C:\Users\sunsh\Documents\JavaProjects\EclipseProjects\myjava\Tutorial\lib\Log4j\log4j-api-2.14.0.jar;C:\Users\sunsh\Documents\JavaProjects\EclipseProjects\myjava\Tutorial\lib\Log4j\log4j-core-2.14.0.jar;C:\Users\sunsh\Documents\JavaProjects\EclipseProjects\myjava\Tutorial\lib\jUnit\hamcrest-core-1.3.jar;C:\Users\sunsh\Documents\JavaProjects\EclipseProjects\myjava\Tutorial\lib\jUnit\junit-4.13.1.jar;C:\Users\sunsh\Documents\JavaProjects\EclipseProjects\myjava\Tutorial\lib\webdrivermanager-4.3.1.jar;C:\Users\sunsh\.m2\repository\junit\junit\4.13.1\junit-4.13.1.jar;C:\Users\sunsh\.m2\repository\org\hamcrest\hamcrest-core\1.3\hamcrest-core-1.3.jar;C:\Users\sunsh\.m2\repository\ru\yandex\qatools\ashot\ashot\1.5.4\ashot-1.5.4.jar;C:\Users\sunsh\.m2\repository\org\seleniumhq\selenium\selenium-remote-driver\2.53.0\selenium-remote-driver-2.53.0.jar;C:\Users\sunsh\.m2\reposi
Launcher Type: SUN_STANDARD

[Global flags]
     intx CICompilerCount                          = 3                                         {product} {ergonomic}
     uint ConcGCThreads                            = 1                                         {product} {ergonomic}
     uint G1ConcRefinementThreads                  = 4                                         {product} {ergonomic}
   size_t G1HeapRegionSize                         = 1048576                                   {product} {ergonomic}
    uintx GCDrainStackTargetSize                   = 64                                        {product} {ergonomic}
   size_t InitialHeapSize                          = 65011712                                  {product} {ergonomic}
   size_t MarkStackSize                            = 4194304                                   {product} {ergonomic}
   size_t MaxHeapSize                              = 1040187392                                {product} {ergonomic}
   size_t MinHeapDeltaBytes                        = 1048576                                   {product} {ergonomic}
   size_t MinHeapSize                              = 8388608                                   {product} {ergonomic}
    uintx NonNMethodCodeHeapSize                   = 5832780                                {pd product} {ergonomic}
    uintx NonProfiledCodeHeapSize                  = 122912730                              {pd product} {ergonomic}
    uintx ProfiledCodeHeapSize                     = 122912730                              {pd product} {ergonomic}
    uintx ReservedCodeCacheSize                    = 251658240                              {pd product} {ergonomic}
     bool SegmentedCodeCache                       = true                                      {product} {ergonomic}
     bool ShowCodeDetailsInExceptionMessages       = true                                   {manageable} {command line}
   size_t SoftMaxHeapSize                          = 1040187392                             {manageable} {ergonomic}
     bool UseCompressedClassPointers               = true                           {product lp64_product} {ergonomic}
     bool UseCompressedOops                        = true                           {product lp64_product} {ergonomic}
     bool UseG1GC                                  = true                                      {product} {ergonomic}
     bool UseLargePagesIndividualAllocation        = false                                  {pd product} {ergonomic}

Logging:
Log output configuration:
 #0: stdout all=warning uptime,level,tags
 #1: stderr all=off uptime,level,tags

Environment Variables:
JAVA_HOME=C:\Program Files\OpenJDK\jdk-16.0.1
PATH=C:/Program Files/OpenJDK/jdk-16.0.1/bin/server;C:/Program Files/OpenJDK/jdk-16.0.1/bin;C:\app\sunsh\product\18.0.0\dbhomeXE\bin;C:\Python39\Scripts\;C:\Python39\;C:\Program Files\Microsoft MPI\Bin\;C:\Windows\system32;C:\Windows;C:\Windows\System32\Wbem;C:\Windows\System32\WindowsPowerShell\v1.0\;C:\Windows\System32\OpenSSH\;C:\ProgramData\chocolatey\bin;C:\Program Files\OpenJDK\jdk-16.0.1\bin;C:\Program Files (x86)\Microsoft SQL Server\150\Tools\Binn\;C:\Program Files\Microsoft SQL Server\150\Tools\Binn\;C:\Program Files (x86)\Microsoft SQL Server\150\DTS\Binn\;C:\Program Files\Microsoft SQL Server\150\DTS\Binn\;C:\Program Files\Microsoft SQL Server\Client SDK\ODBC\170\Tools\Binn\;C:\Program Files\Azure Data Studio\bin;C:\Program Files\dotnet\;C:\Program Files\Microsoft SQL Server\130\Tools\Binn\;C:\ProgramData\chocolatey\lib\maven\apache-maven-3.8.1\bin;C:\Program Files\MySQL\MySQL Server 8.0\bin;C:\Program Files\Git\cmd;C:\Program Files (x86)\dotnet\;C:\Program Files\MySQL\MySQL Shell 8.0\bin\;C:\Users\sunsh\AppData\Local\Microsoft\WindowsApps;C:\Users\sunsh\AppData\Local\Programs\Microsoft VS Code\bin;C:\Program Files\Azure Data Studio\bin;C:\Users\sunsh\.dotnet\tools;C:\Program Files\JetBrains\PyCharm Community Edition 2021.1.2\bin;C:\Program Files\JetBrains\IntelliJ IDEA Community Edition 2021.1.2\bin;C:\Users\sunsh\AppData\Local\atom\bin;C:\Windows\system32;
USERNAME=sunsh
OS=Windows_NT
PROCESSOR_IDENTIFIER=Intel64 Family 6 Model 23 Stepping 7, GenuineIntel



---------------  S Y S T E M  ---------------

OS:
 Windows 10 , 64 bit Build 19041 (10.0.19041.1151)
OS uptime: 6 days 8:18 hours

CPU: total 4 (initial active 4) (4 cores per cpu, 1 threads per core) family 6 model 23 stepping 7 microcode 0x70b, cx8, cmov, fxsr, mmx, sse, sse2, sse3, ssse3, sse4.1, tsc, clflush

Memory: 4k page, system-wide physical 3965M (42M free)
TotalPageFile size 16253M (AvailPageFile size 9M)
current process WorkingSet (physical memory assigned to process): 9M, peak: 9M
current process commit charge ("private bytes"): 51M, peak: 113M

vm_info: OpenJDK 64-Bit Server VM (16.0.1+9-24) for windows-amd64 JRE (16.0.1+9-24), built on Mar 26 2021 19:30:07 by "mach5one" with MS VC++ 16.7 (VS2019)

END.
